<?xml version="1.0" encoding="UTF-8"?>
<!-- Generated by org.testng.reporters.JUnitXMLReporter -->
<testsuite ignored="0" hostname="PREM" failures="2" tests="3" name="Surefire test" time="58.123" errors="0" timestamp="2022-03-12T19:31:04 IST">
  <testcase classname="TestScripts.Page1Test" name="FillData" time="0.008">
    <failure type="java.lang.AssertionError" message="expected [Kumar] but found [Prem]">
      <![CDATA[java.lang.AssertionError: expected [Kumar] but found [Prem]
at TestScripts.Page1Test.FillData(Page1Test.java:28)
at java.base/java.util.ArrayList.forEach(ArrayList.java:1511)
... Removed 38 stack frames]]>
    </failure>
  </testcase> <!-- FillData -->
  <testcase classname="TestScripts.Page1Test" name="demo" time="0.0"/>
  <testcase classname="TestScripts.TestDataFromExcelToDataProvider" name="test" time="0.0">
    <failure type="org.testng.TestNGException" message="
Some DataProvider public java.lang.Object[][] TestScripts.TestDataFromExcelToDataProvider.getdata(java.lang.String) parameters unresolved:  at 0 type class java.lang.String
">
      <![CDATA[org.testng.TestNGException: 
Some DataProvider public java.lang.Object[][] TestScripts.TestDataFromExcelToDataProvider.getdata(java.lang.String) parameters unresolved:  at 0 type class java.lang.String

at java.base/java.util.ArrayList.forEach(ArrayList.java:1511)
... Removed 30 stack frames]]>
    </failure>
  </testcase> <!-- test -->
</testsuite> <!-- Surefire test -->
