<?xml version="1.0" encoding="UTF-8"?>
<!-- Generated by org.testng.reporters.JUnitXMLReporter -->
<testsuite ignored="0" hostname="DESKTOP-I2GND6G" failures="1" tests="2" name="Test" time="22.372" errors="0" timestamp="2022-10-21T08:21:47 IST">
  <testcase classname="testScripts.Page1Test" name="FillData" time="0.033">
    <failure type="java.lang.AssertionError" message="expected [Kumar] but found [Prem]">
      <![CDATA[java.lang.AssertionError: expected [Kumar] but found [Prem]
at testScripts.Page1Test.FillData(Page1Test.java:28)
at java.base/java.util.ArrayList.forEach(ArrayList.java:1511)
... Removed 31 stack frames]]>
    </failure>
  </testcase> <!-- FillData -->
  <testcase classname="testScripts.Page1Test" name="demo" time="0.002"/>
</testsuite> <!-- Test -->
