<?xml version="1.0" encoding="UTF-8"?>
<testng-results ignored="0" total="2" passed="1" failed="1" skipped="0">
  <reporter-output>
  </reporter-output>
  <suite started-at="2022-10-21T08:21:25 IST" name="Suite" finished-at="2022-10-21T08:21:47 IST" duration-ms="22372">
    <groups>
    </groups>
    <test started-at="2022-10-21T08:21:25 IST" name="Test" finished-at="2022-10-21T08:21:47 IST" duration-ms="22372">
      <class name="testScripts.Page1Test">
        <test-method is-config="true" signature="SetUp()[pri:0, instance:testScripts.Page1Test@5f9b2141]" started-at="2022-10-21T08:21:25 IST" name="SetUp" finished-at="2022-10-21T08:21:36 IST" duration-ms="11743" status="PASS">
          <reporter-output>
          </reporter-output>
        </test-method> <!-- SetUp -->
        <test-method signature="FillData()[pri:0, instance:testScripts.Page1Test@5f9b2141]" started-at="2022-10-21T08:21:36 IST" name="FillData" finished-at="2022-10-21T08:21:36 IST" duration-ms="33" status="FAIL">
          <exception class="java.lang.AssertionError">
            <message>
              <![CDATA[expected [Kumar] but found [Prem]]]>
            </message>
            <full-stacktrace>
              <![CDATA[java.lang.AssertionError: expected [Kumar] but found [Prem]
at org.testng.Assert.fail(Assert.java:99)
at org.testng.Assert.failNotEquals(Assert.java:1037)
at org.testng.Assert.assertEqualsImpl(Assert.java:140)
at org.testng.Assert.assertEquals(Assert.java:122)
at org.testng.Assert.assertEquals(Assert.java:629)
at org.testng.Assert.assertEquals(Assert.java:639)
at testScripts.Page1Test.FillData(Page1Test.java:28)
at java.base/jdk.internal.reflect.DirectMethodHandleAccessor.invoke(DirectMethodHandleAccessor.java:104)
at java.base/java.lang.reflect.Method.invoke(Method.java:578)
at org.testng.internal.MethodInvocationHelper.invokeMethod(MethodInvocationHelper.java:133)
at org.testng.internal.TestInvoker.invokeMethod(TestInvoker.java:598)
at org.testng.internal.TestInvoker.invokeTestMethod(TestInvoker.java:173)
at org.testng.internal.MethodRunner.runInSequence(MethodRunner.java:46)
at org.testng.internal.TestInvoker$MethodInvocationAgent.invoke(TestInvoker.java:824)
at org.testng.internal.TestInvoker.invokeTestMethods(TestInvoker.java:146)
at org.testng.internal.TestMethodWorker.invokeTestMethods(TestMethodWorker.java:146)
at org.testng.internal.TestMethodWorker.run(TestMethodWorker.java:128)
at java.base/java.util.ArrayList.forEach(ArrayList.java:1511)
at org.testng.TestRunner.privateRun(TestRunner.java:794)
at org.testng.TestRunner.run(TestRunner.java:596)
at org.testng.SuiteRunner.runTest(SuiteRunner.java:377)
at org.testng.SuiteRunner.runSequentially(SuiteRunner.java:371)
at org.testng.SuiteRunner.privateRun(SuiteRunner.java:332)
at org.testng.SuiteRunner.run(SuiteRunner.java:276)
at org.testng.SuiteRunnerWorker.runSuite(SuiteRunnerWorker.java:53)
at org.testng.SuiteRunnerWorker.run(SuiteRunnerWorker.java:96)
at org.testng.TestNG.runSuitesSequentially(TestNG.java:1212)
at org.testng.TestNG.runSuitesLocally(TestNG.java:1134)
at org.testng.TestNG.runSuites(TestNG.java:1063)
at org.testng.TestNG.run(TestNG.java:1031)
at org.testng.remote.AbstractRemoteTestNG.run(AbstractRemoteTestNG.java:115)
at org.testng.remote.RemoteTestNG.initAndRun(RemoteTestNG.java:251)
at org.testng.remote.RemoteTestNG.main(RemoteTestNG.java:77)
]]>
            </full-stacktrace>
          </exception> <!-- java.lang.AssertionError -->
          <reporter-output>
          </reporter-output>
        </test-method> <!-- FillData -->
        <test-method is-config="true" signature="tearDown()[pri:0, instance:testScripts.Page1Test@5f9b2141]" started-at="2022-10-21T08:21:38 IST" name="tearDown" finished-at="2022-10-21T08:21:38 IST" duration-ms="402" status="PASS">
          <reporter-output>
          </reporter-output>
        </test-method> <!-- tearDown -->
        <test-method is-config="true" signature="SetUp()[pri:0, instance:testScripts.Page1Test@5f9b2141]" started-at="2022-10-21T08:21:38 IST" name="SetUp" finished-at="2022-10-21T08:21:46 IST" duration-ms="7961" status="PASS">
          <reporter-output>
          </reporter-output>
        </test-method> <!-- SetUp -->
        <test-method signature="demo()[pri:0, instance:testScripts.Page1Test@5f9b2141]" started-at="2022-10-21T08:21:46 IST" name="demo" finished-at="2022-10-21T08:21:46 IST" duration-ms="2" status="PASS">
          <reporter-output>
          </reporter-output>
        </test-method> <!-- demo -->
        <test-method is-config="true" signature="tearDown()[pri:0, instance:testScripts.Page1Test@5f9b2141]" started-at="2022-10-21T08:21:47 IST" name="tearDown" finished-at="2022-10-21T08:21:47 IST" duration-ms="391" status="PASS">
          <reporter-output>
          </reporter-output>
        </test-method> <!-- tearDown -->
      </class> <!-- testScripts.Page1Test -->
    </test> <!-- Test -->
  </suite> <!-- Suite -->
</testng-results>
